This is pdfTeX, Version 3.1415926-1.40.11 (TeX Live 2010) (format=pdflatex 2010.7.21)  11 NOV 2012 15:41
entering extended mode
 restricted \write18 enabled.
 %&-line parsing enabled.
**swave-4-2
(./swave-4-2.tex
LaTeX2e <2009/09/24>
Babel <v3.8l> and hyphenation patterns for english, dumylang, nohyphenation, ge
rman-x-2009-06-19, ngerman-x-2009-06-19, ancientgreek, ibycus, arabic, armenian
, basque, bulgarian, catalan, pinyin, coptic, croatian, czech, danish, dutch, u
kenglish, usenglishmax, esperanto, estonian, farsi, finnish, french, galician, 
german, ngerman, swissgerman, monogreek, greek, hungarian, icelandic, assamese,
 bengali, gujarati, hindi, kannada, malayalam, marathi, oriya, panjabi, tamil, 
telugu, indonesian, interlingua, irish, italian, kurmanji, lao, latin, latvian,
 lithuanian, mongolian, mongolianlmc, bokmal, nynorsk, polish, portuguese, roma
nian, russian, sanskrit, serbian, slovak, slovenian, spanish, swedish, turkish,
 turkmen, ukrainian, uppersorbian, welsh, loaded.
(./mn2e.cls
Document Class: mn2e 2001/02/06 v2.2 LaTeX2e MN document class
Document Style `MN' v2.2, released 2001 February 20
\math@groups=\toks14
LaTeX Font Info:    Overwriting symbol font `symbols' in version `bold'
(Font)                  OMS/cmsy/b/n --> OMS/cmsy/b/n on input line 223.
\symbmisymbols=\mathgroup4
\symUPM=\mathgroup5
LaTeX Font Info:    Overwriting symbol font `UPM' in version `bold'
(Font)                  U/eur/m/n --> U/eur/b/n on input line 260.
\symAMSa=\mathgroup6
\SFB@measure=\dimen102
\realparindent=\skip41
\c@part=\count79
\c@section=\count80
\c@subsection=\count81
\c@subsubsection=\count82
\c@paragraph=\count83
\c@subparagraph=\count84
\@indentskip=\skip42
\smallindent=\skip43
\@footindent=\skip44
\@leftskip=\skip45
\c@dummy=\count85
(/usr/local/texlive/2010/texmf-dist/tex/latex/natbib/natbib.sty
Package: natbib 2009/11/07 8.31a (PWD, AO)
\bibhang=\skip46
\bibsep=\skip47
LaTeX Info: Redefining \cite on input line 694.
\c@NAT@ctr=\count86
)
\c@table=\count87
\c@figure=\count88
\mathindent=\dimen103
)
(/usr/local/texlive/2010/texmf-dist/tex/latex/graphics/epsfig.sty
Package: epsfig 1999/02/16 v1.7a (e)psfig emulation (SPQR)

(/usr/local/texlive/2010/texmf-dist/tex/latex/graphics/graphicx.sty
Package: graphicx 1999/02/16 v1.0f Enhanced LaTeX Graphics (DPC,SPQR)

(/usr/local/texlive/2010/texmf-dist/tex/latex/graphics/keyval.sty
Package: keyval 1999/03/16 v1.13 key=value parser (DPC)
\KV@toks@=\toks15
)
(/usr/local/texlive/2010/texmf-dist/tex/latex/graphics/graphics.sty
Package: graphics 2009/02/05 v1.0o Standard LaTeX Graphics (DPC,SPQR)

(/usr/local/texlive/2010/texmf-dist/tex/latex/graphics/trig.sty
Package: trig 1999/03/16 v1.09 sin cos tan (DPC)
)
(/usr/local/texlive/2010/texmf-dist/tex/latex/latexconfig/graphics.cfg
File: graphics.cfg 2010/04/23 v1.9 graphics configuration of TeX Live
)
Package graphics Info: Driver file: pdftex.def on input line 91.

(/usr/local/texlive/2010/texmf-dist/tex/latex/pdftex-def/pdftex.def
File: pdftex.def 2010/02/14 v0.04n Graphics/color for pdfTeX
\Gread@gobject=\count89
))
\Gin@req@height=\dimen104
\Gin@req@width=\dimen105
)
\epsfxsize=\dimen106
\epsfysize=\dimen107
)
(/usr/local/texlive/2010/texmf-dist/tex/latex/oberdiek/epstopdf.sty
Package: epstopdf 2010/02/09 v2.5 Conversion with epstopdf on the fly (HO)

(/usr/local/texlive/2010/texmf-dist/tex/latex/oberdiek/epstopdf-base.sty
Package: epstopdf-base 2010/02/09 v2.5 Base part for package epstopdf

(/usr/local/texlive/2010/texmf-dist/tex/generic/oberdiek/infwarerr.sty
Package: infwarerr 2010/04/08 v1.3 Providing info/warning/message (HO)
)
(/usr/local/texlive/2010/texmf-dist/tex/latex/oberdiek/grfext.sty
Package: grfext 2007/09/30 v1.0 Managing graphics extensions (HO)
)
(/usr/local/texlive/2010/texmf-dist/tex/latex/oberdiek/kvoptions.sty
Package: kvoptions 2010/02/22 v3.7 Keyval support for LaTeX options (HO)

(/usr/local/texlive/2010/texmf-dist/tex/generic/oberdiek/kvsetkeys.sty
Package: kvsetkeys 2010/03/01 v1.9 Key value parser (HO)

(/usr/local/texlive/2010/texmf-dist/tex/generic/oberdiek/etexcmds.sty
Package: etexcmds 2010/01/28 v1.3 Prefix for e-TeX command names (HO)
Package etexcmds Info: Could not find \expanded.
(etexcmds)             That can mean that you are not using pdfTeX 1.50 or
(etexcmds)             that some package has redefined \expanded.
(etexcmds)             In the latter case, load this package earlier.
)))
(/usr/local/texlive/2010/texmf-dist/tex/generic/oberdiek/pdftexcmds.sty
Package: pdftexcmds 2010/04/01 v0.9 Utility functions of pdfTeX for LuaTeX (HO)


(/usr/local/texlive/2010/texmf-dist/tex/generic/oberdiek/ifluatex.sty
Package: ifluatex 2010/03/01 v1.3 Provides the ifluatex switch (HO)
Package ifluatex Info: LuaTeX not detected.
)
(/usr/local/texlive/2010/texmf-dist/tex/generic/oberdiek/ltxcmds.sty
Package: ltxcmds 2010/04/26 v1.7 LaTeX kernel commands for general use (HO)
)
Package pdftexcmds Info: LuaTeX not detected.
Package pdftexcmds Info: \pdf@primitive is available.
Package pdftexcmds Info: \pdf@ifprimitive is available.
)
Package grfext Info: Graphics extension search list:
(grfext)             [.png,.pdf,.jpg,.mps,.jpeg,.jbig2,.jb2,.PNG,.PDF,.JPG,.JPE
G,.JBIG2,.JB2,.eps]
(grfext)             \AppendGraphicsExtensions on input line 436.

(/usr/local/texlive/2010/texmf-dist/tex/latex/latexconfig/epstopdf-sys.cfg
File: epstopdf-sys.cfg 2010/07/13 v1.3 Configuration of (r)epstopdf for TeX Liv
e
)))
(/usr/local/texlive/2010/texmf-dist/tex/latex/graphics/lscape.sty
Package: lscape 2000/10/22 v3.01 Landscape Pages (DPC)
)
(./swave-4-2.aux)
\openout1 = `swave-4-2.aux'.

LaTeX Font Info:    Checking defaults for OML/cmm/m/it on input line 21.
LaTeX Font Info:    ... okay on input line 21.
LaTeX Font Info:    Checking defaults for T1/cmr/m/n on input line 21.
LaTeX Font Info:    ... okay on input line 21.
LaTeX Font Info:    Checking defaults for OT1/cmr/m/n on input line 21.
LaTeX Font Info:    ... okay on input line 21.
LaTeX Font Info:    Checking defaults for OMS/cmsy/m/n on input line 21.
LaTeX Font Info:    ... okay on input line 21.
LaTeX Font Info:    Checking defaults for OMX/cmex/m/n on input line 21.
LaTeX Font Info:    ... okay on input line 21.
LaTeX Font Info:    Checking defaults for U/cmr/m/n on input line 21.
LaTeX Font Info:    ... okay on input line 21.

(/usr/local/texlive/2010/texmf-dist/tex/context/base/supp-pdf.mkii
[Loading MPS to PDF converter (version 2006.09.02).]
\scratchcounter=\count90
\scratchdimen=\dimen108
\scratchbox=\box26
\nofMPsegments=\count91
\nofMParguments=\count92
\everyMPshowfont=\toks16
\MPscratchCnt=\count93
\MPscratchDim=\dimen109
\MPnumerator=\count94
\everyMPtoPDFconversion=\toks17
)
LaTeX Font Info:    External font `cmex10' loaded for size
(Font)              <14.4> on input line 29.
LaTeX Font Info:    External font `cmex10' loaded for size
(Font)              <7> on input line 29.
LaTeX Font Info:    Try loading font information for U+eur on input line 29.
 (/usr/local/texlive/2010/texmf-dist/tex/latex/amsfonts/ueur.fd
File: ueur.fd 2009/06/22 v3.00 Euler Roman
)
LaTeX Font Info:    Try loading font information for U+msa on input line 29.

(/usr/local/texlive/2010/texmf-dist/tex/latex/amsfonts/umsa.fd
File: umsa.fd 2009/06/22 v3.00 AMS symbols A
)
Underfull \hbox (badness 10000) in paragraph at lines 31--32

 []

LaTeX Font Info:    External font `cmex10' loaded for size
(Font)              <8> on input line 57.
LaTeX Font Info:    External font `cmex10' loaded for size
(Font)              <6> on input line 57.
LaTeX Font Info:    External font `cmex10' loaded for size
(Font)              <5> on input line 57.
LaTeX Font Info:    External font `cmex10' loaded for size
(Font)              <9> on input line 98.

Package natbib Warning: Citation `1987Natur.326..675F' on page 1 undefined on i
nput line 108.


Underfull \vbox (badness 10000) has occurred while \output is active []

LaTeX Font Info:    Try loading font information for OMS+cmr on input line 132.


(/usr/local/texlive/2010/texmf-dist/tex/latex/base/omscmr.fd
File: omscmr.fd 1999/05/25 v2.5h Standard LaTeX font definitions
)
LaTeX Font Info:    Font shape `OMS/cmr/m/n' in size <8> not available
(Font)              Font shape `OMS/cmsy/m/n' tried instead on input line 132.
 [1{/usr/local/texlive/2010/texmf-var/fonts/map/pdftex/updmap/pdftex.map}


] [2]
Package epstopdf Info: Source file: <sheetgeom.eps>
(epstopdf)                    date: 2012-09-15 17:34:55
(epstopdf)                    size: 13661 bytes
(epstopdf)             Output file: <sheetgeom-eps-converted-to.pdf>
(epstopdf)                    date: 2012-09-15 17:34:58
(epstopdf)                    size: 5463 bytes
(epstopdf)             Command: <repstopdf --outfile=sheetgeom-eps-converted-to
.pdf sheetgeom.eps>
(epstopdf)             \includegraphics on input line 269.
Package epstopdf Info: Output file is already uptodate.

<sheetgeom-eps-converted-to.pdf, id=30, 576.1525pt x 576.1525pt>
File: sheetgeom-eps-converted-to.pdf Graphic file (type pdf)

<use sheetgeom-eps-converted-to.pdf>
Underfull \hbox (badness 1558) in paragraph at lines 350--357
\OT1/cmr/m/n/9 which is a Gaus-sian ran-dom field with a cor-re-la-tion
 []

Package epstopdf Info: Source file: <sheetz.eps>
(epstopdf)                    date: 2012-11-08 16:31:40
(epstopdf)                    size: 227030 bytes
(epstopdf)             Output file: <sheetz-eps-converted-to.pdf>
(epstopdf)                    date: 2012-11-08 16:33:27
(epstopdf)                    size: 24305 bytes
(epstopdf)             Command: <repstopdf --outfile=sheetz-eps-converted-to.pd
f sheetz.eps>
(epstopdf)             \includegraphics on input line 360.
Package epstopdf Info: Output file is already uptodate.
<sheetz-eps-converted-to.pdf, id=31, 576.1525pt x 576.1525pt>
File: sheetz-eps-converted-to.pdf Graphic file (type pdf)

<use sheetz-eps-converted-to.pdf> [3 <./sheetz-eps-converted-to.pdf>]
Package epstopdf Info: Source file: <rho.eps>
(epstopdf)                    date: 2012-03-27 21:51:25
(epstopdf)                    size: 43715 bytes
(epstopdf)             Output file: <rho-eps-converted-to.pdf>
(epstopdf)                    date: 2012-03-28 00:45:43
(epstopdf)                    size: 24076 bytes
(epstopdf)             Command: <repstopdf --outfile=rho-eps-converted-to.pdf r
ho.eps>
(epstopdf)             \includegraphics on input line 406.
Package epstopdf Info: Output file is already uptodate.

<rho-eps-converted-to.pdf, id=37, 576.1525pt x 576.1525pt>
File: rho-eps-converted-to.pdf Graphic file (type pdf)

<use rho-eps-converted-to.pdf>
Package epstopdf Info: Source file: <dt.eps>
(epstopdf)                    date: 2012-03-31 21:40:08
(epstopdf)                    size: 77883 bytes
(epstopdf)             Output file: <dt-eps-converted-to.pdf>
(epstopdf)                    date: 2012-04-08 23:56:52
(epstopdf)                    size: 28408 bytes
(epstopdf)             Command: <repstopdf --outfile=dt-eps-converted-to.pdf dt
.eps>
(epstopdf)             \includegraphics on input line 431.
Package epstopdf Info: Output file is already uptodate.

<dt-eps-converted-to.pdf, id=38, 576.1525pt x 576.1525pt>
File: dt-eps-converted-to.pdf Graphic file (type pdf)

<use dt-eps-converted-to.pdf>
Package epstopdf Info: Source file: <mag.eps>
(epstopdf)                    date: 2012-08-10 14:05:06
(epstopdf)                    size: 11342 bytes
(epstopdf)             Output file: <mag-eps-converted-to.pdf>
(epstopdf)                    date: 2012-08-11 15:02:27
(epstopdf)                    size: 7205 bytes
(epstopdf)             Command: <repstopdf --outfile=mag-eps-converted-to.pdf m
ag.eps>
(epstopdf)             \includegraphics on input line 459.
Package epstopdf Info: Output file is already uptodate.

<mag-eps-converted-to.pdf, id=39, 576.1525pt x 576.1525pt>
File: mag-eps-converted-to.pdf Graphic file (type pdf)

<use mag-eps-converted-to.pdf>
Package epstopdf Info: Source file: <pos.eps>
(epstopdf)                    date: 2012-08-10 16:34:11
(epstopdf)                    size: 15125 bytes
(epstopdf)             Output file: <pos-eps-converted-to.pdf>
(epstopdf)                    date: 2012-08-11 15:02:27
(epstopdf)                    size: 8818 bytes
(epstopdf)             Command: <repstopdf --outfile=pos-eps-converted-to.pdf p
os.eps>
(epstopdf)             \includegraphics on input line 471.
Package epstopdf Info: Output file is already uptodate.

<pos-eps-converted-to.pdf, id=40, 576.1525pt x 576.1525pt>
File: pos-eps-converted-to.pdf Graphic file (type pdf)

<use pos-eps-converted-to.pdf>
Package epstopdf Info: Source file: <posmag.eps>
(epstopdf)                    date: 2012-08-10 16:34:21
(epstopdf)                    size: 32244 bytes
(epstopdf)             Output file: <posmag-eps-converted-to.pdf>
(epstopdf)                    date: 2012-08-11 15:02:28
(epstopdf)                    size: 16813 bytes
(epstopdf)             Command: <repstopdf --outfile=posmag-eps-converted-to.pd
f posmag.eps>
(epstopdf)             \includegraphics on input line 478.
Package epstopdf Info: Output file is already uptodate.

<posmag-eps-converted-to.pdf, id=41, 576.1525pt x 576.1525pt>
File: posmag-eps-converted-to.pdf Graphic file (type pdf)

<use posmag-eps-converted-to.pdf> [4 <./sheetgeom-eps-converted-to.pdf> <./rho-
eps-converted-to.pdf> <./dt-eps-converted-to.pdf>]
<rspect.jpg, id=51, 1027.84pt x 1027.84pt>
File: rspect.jpg Graphic file (type jpg)
 <use rspect.jpg>
<sspectr.jpg, id=52, 1027.84pt x 513.92pt>
File: sspectr.jpg Graphic file (type jpg)
 <use sspectr.jpg> [5 <./mag-eps-converted-to.pdf> <./pos-eps-converted-to.pdf>
 <./posmag-eps-converted-to.pdf> <./rspect.jpg>] <image86r.png, id=62, 1021.817
5pt x 431.6125pt>
File: image86r.png Graphic file (type png)
 <use image86r.png>
[6 <./sspectr.jpg> <./image86r.png (PNG copy)>] (./swave-4-2.bbl)

Package natbib Warning: There were undefined citations.

[7] (./swave-4-2.aux) ) 
Here is how much of TeX's memory you used:
 2132 strings out of 493747
 29081 string characters out of 3143546
 93594 words of memory out of 3000000
 5388 multiletter control sequences out of 15000+200000
 16392 words of font info for 57 fonts, out of 3000000 for 9000
 714 hyphenation exceptions out of 8191
 41i,14n,34p,431b,224s stack positions out of 5000i,500n,10000p,200000b,50000s
</usr/local/texlive/2010/texmf-dist/fonts/type1/public/a
msfonts/cm/cmbx10.pfb></usr/local/texlive/2010/texmf-dist/fonts/type1/public/am
sfonts/cm/cmbx12.pfb></usr/local/texlive/2010/texmf-dist/fonts/type1/public/ams
fonts/cm/cmbx8.pfb></usr/local/texlive/2010/texmf-dist/fonts/type1/public/amsfo
nts/cm/cmbx9.pfb></usr/local/texlive/2010/texmf-dist/fonts/type1/public/amsfont
s/cm/cmex10.pfb></usr/local/texlive/2010/texmf-dist/fonts/type1/public/amsfonts
/cm/cmmi10.pfb></usr/local/texlive/2010/texmf-dist/fonts/type1/public/amsfonts/
cm/cmmi5.pfb></usr/local/texlive/2010/texmf-dist/fonts/type1/public/amsfonts/cm
/cmmi6.pfb></usr/local/texlive/2010/texmf-dist/fonts/type1/public/amsfonts/cm/c
mmi9.pfb></usr/local/texlive/2010/texmf-dist/fonts/type1/public/amsfonts/cm/cmr
10.pfb></usr/local/texlive/2010/texmf-dist/fonts/type1/public/amsfonts/cm/cmr12
.pfb></usr/local/texlive/2010/texmf-dist/fonts/type1/public/amsfonts/cm/cmr5.pf
b></usr/local/texlive/2010/texmf-dist/fonts/type1/public/amsfonts/cm/cmr6.pfb><
/usr/local/texlive/2010/texmf-dist/fonts/type1/public/amsfonts/cm/cmr8.pfb></us
r/local/texlive/2010/texmf-dist/fonts/type1/public/amsfonts/cm/cmr9.pfb></usr/l
ocal/texlive/2010/texmf-dist/fonts/type1/public/amsfonts/cm/cmsy10.pfb></usr/lo
cal/texlive/2010/texmf-dist/fonts/type1/public/amsfonts/cm/cmsy6.pfb></usr/loca
l/texlive/2010/texmf-dist/fonts/type1/public/amsfonts/cm/cmsy8.pfb></usr/local/
texlive/2010/texmf-dist/fonts/type1/public/amsfonts/cm/cmsy9.pfb></usr/local/te
xlive/2010/texmf-dist/fonts/type1/public/amsfonts/cm/cmti12.pfb></usr/local/tex
live/2010/texmf-dist/fonts/type1/public/amsfonts/cm/cmti9.pfb>
Output written on swave-4-2.pdf (7 pages, 1210056 bytes).
PDF statistics:
 137 PDF objects out of 1000 (max. 8388607)
 95 compressed objects within 1 object stream
 0 named destinations out of 1000 (max. 500000)
 51 words of extra memory for PDF output out of 10000 (max. 10000000)

